<?xml version="1.0" encoding="UTF-8"?>
<!-- Generated by org.testng.reporters.JUnitReportReporter -->
<testsuite hostname="TGC-VRGNR-054" failures="0" tests="2" name="testCases.TC_AddVideoGameDDT" time="0.000" errors="0" timestamp="31 Aug 2023 08:36:37 GMT" skipped="2">
  <testcase classname="testCases.TC_AddVideoGameDDT" name="test_addNewVideoGame" time="0.000">
    <skipped/>
  </testcase> <!-- test_addNewVideoGame -->
  <testcase classname="testCases.TC_AddVideoGameDDT" name="test_getVideoGame" time="0.000">
    <skipped/>
  </testcase> <!-- test_getVideoGame -->
</testsuite> <!-- testCases.TC_AddVideoGameDDT -->
